<?xml version="1.0" encoding="UTF-8"?>
<testng-results skipped="2" failed="0" total="2" passed="0">
  <reporter-output>
  </reporter-output>
  <suite name="Default suite" duration-ms="13202" started-at="2020-03-01T14:37:38Z" finished-at="2020-03-01T14:37:51Z">
    <groups>
    </groups>
    <test name="Default test" duration-ms="13202" started-at="2020-03-01T14:37:38Z" finished-at="2020-03-01T14:37:51Z">
      <class name="MainTestCase.TestScript">
        <test-method status="PASS" signature="reports()[pri:0, instance:MainTestCase.TestScript@26653222]" name="reports" is-config="true" duration-ms="345" started-at="2020-03-01T20:07:38Z" finished-at="2020-03-01T20:07:38Z">
          <reporter-output>
          </reporter-output>
        </test-method> <!-- reports -->
        <test-method status="FAIL" signature="launch()[pri:0, instance:MainTestCase.TestScript@26653222]" name="launch" is-config="true" duration-ms="0" started-at="2020-03-01T20:07:38Z" finished-at="2020-03-01T20:07:38Z">
          <exception class="java.lang.NullPointerException">
            <full-stacktrace>
              <![CDATA[java.lang.NullPointerException
	at java.util.Objects.requireNonNull(Unknown Source)
	at org.openqa.selenium.interactions.Actions.<init>(Actions.java:66)
	at Pom_model.Loginpage.verify_login(Loginpage.java:20)
	at MainTestCase.TestScript.launch(TestScript.java:27)
	at sun.reflect.NativeMethodAccessorImpl.invoke0(Native Method)
	at sun.reflect.NativeMethodAccessorImpl.invoke(Unknown Source)
	at sun.reflect.DelegatingMethodAccessorImpl.invoke(Unknown Source)
	at java.lang.reflect.Method.invoke(Unknown Source)
	at org.testng.internal.MethodInvocationHelper.invokeMethod(MethodInvocationHelper.java:85)
	at org.testng.internal.Invoker.invokeConfigurationMethod(Invoker.java:510)
	at org.testng.internal.Invoker.invokeConfigurations(Invoker.java:211)
	at org.testng.internal.Invoker.invokeMethod(Invoker.java:585)
	at org.testng.internal.Invoker.invokeTestMethod(Invoker.java:816)
	at org.testng.internal.Invoker.invokeTestMethods(Invoker.java:1124)
	at org.testng.internal.TestMethodWorker.invokeTestMethods(TestMethodWorker.java:125)
	at org.testng.internal.TestMethodWorker.run(TestMethodWorker.java:108)
	at org.testng.TestRunner.privateRun(TestRunner.java:774)
	at org.testng.TestRunner.run(TestRunner.java:624)
	at org.testng.SuiteRunner.runTest(SuiteRunner.java:359)
	at org.testng.SuiteRunner.runSequentially(SuiteRunner.java:354)
	at org.testng.SuiteRunner.privateRun(SuiteRunner.java:312)
	at org.testng.SuiteRunner.run(SuiteRunner.java:261)
	at org.testng.SuiteRunnerWorker.runSuite(SuiteRunnerWorker.java:52)
	at org.testng.SuiteRunnerWorker.run(SuiteRunnerWorker.java:86)
	at org.testng.TestNG.runSuitesSequentially(TestNG.java:1215)
	at org.testng.TestNG.runSuitesLocally(TestNG.java:1140)
	at org.testng.TestNG.run(TestNG.java:1048)
	at org.testng.remote.AbstractRemoteTestNG.run(AbstractRemoteTestNG.java:114)
	at org.testng.remote.RemoteTestNG.initAndRun(RemoteTestNG.java:251)
	at org.testng.remote.RemoteTestNG.main(RemoteTestNG.java:77)
]]>
            </full-stacktrace>
          </exception> <!-- java.lang.NullPointerException -->
          <reporter-output>
          </reporter-output>
        </test-method> <!-- launch -->
        <test-method status="SKIP" signature="Testcase1()[pri:0, instance:MainTestCase.TestScript@26653222]" name="Testcase1" duration-ms="15" started-at="2020-03-01T20:07:51Z" finished-at="2020-03-01T20:07:51Z">
          <reporter-output>
          </reporter-output>
        </test-method> <!-- Testcase1 -->
        <test-method status="SKIP" signature="test1()[pri:0, instance:MainTestCase.TestScript@26653222]" name="test1" is-config="true" duration-ms="0" started-at="2020-03-01T20:07:51Z" finished-at="2020-03-01T20:07:51Z">
          <reporter-output>
          </reporter-output>
        </test-method> <!-- test1 -->
        <test-method status="SKIP" signature="launch()[pri:0, instance:MainTestCase.TestScript@26653222]" name="launch" is-config="true" duration-ms="0" started-at="2020-03-01T20:07:51Z" finished-at="2020-03-01T20:07:51Z">
          <reporter-output>
          </reporter-output>
        </test-method> <!-- launch -->
        <test-method status="SKIP" signature="testcase2()[pri:1, instance:MainTestCase.TestScript@26653222]" name="testcase2" duration-ms="2" started-at="2020-03-01T20:07:51Z" finished-at="2020-03-01T20:07:51Z">
          <reporter-output>
          </reporter-output>
        </test-method> <!-- testcase2 -->
        <test-method status="SKIP" signature="test1()[pri:0, instance:MainTestCase.TestScript@26653222]" name="test1" is-config="true" duration-ms="0" started-at="2020-03-01T20:07:51Z" finished-at="2020-03-01T20:07:51Z">
          <reporter-output>
          </reporter-output>
        </test-method> <!-- test1 -->
      </class> <!-- MainTestCase.TestScript -->
    </test> <!-- Default test -->
  </suite> <!-- Default suite -->
</testng-results>
